0 info it worked if it ends with ok
1 verbose cli [ '/Users/Boyce/.nvm/versions/node/v6.5.0/bin/node',
1 verbose cli   '/Users/Boyce/.nvm/versions/node/v6.5.0/bin/npm',
1 verbose cli   'install' ]
2 info using npm@4.1.1
3 info using node@v6.5.0
4 silly loadCurrentTree Starting
5 silly install loadCurrentTree
6 silly install readLocalPackageData
7 silly install normalizeTree
8 silly loadCurrentTree Finishing
9 silly loadIdealTree Starting
10 silly install loadIdealTree
11 silly cloneCurrentTree Starting
12 silly install cloneCurrentTreeToIdealTree
13 silly cloneCurrentTree Finishing
14 silly loadShrinkwrap Starting
15 silly install loadShrinkwrap
16 silly loadShrinkwrap Finishing
17 silly loadAllDepsIntoIdealTree Starting
18 silly install loadAllDepsIntoIdealTree
19 silly fetchNamedPackageData loadsh
20 silly mapToRegistry name loadsh
21 silly mapToRegistry using default registry
22 silly mapToRegistry registry https://registry.npmjs.org/
23 silly mapToRegistry data Result {
23 silly mapToRegistry   raw: 'loadsh',
23 silly mapToRegistry   scope: null,
23 silly mapToRegistry   escapedName: 'loadsh',
23 silly mapToRegistry   name: 'loadsh',
23 silly mapToRegistry   rawSpec: '',
23 silly mapToRegistry   spec: 'latest',
23 silly mapToRegistry   type: 'tag' }
24 silly mapToRegistry uri https://registry.npmjs.org/loadsh
25 verbose request uri https://registry.npmjs.org/loadsh
26 verbose request no auth needed
27 info attempt registry request try #1 at 3:37:48 PM
28 verbose request id 753011d2a76f4fba
29 http request GET https://registry.npmjs.org/loadsh
30 http 200 https://registry.npmjs.org/loadsh
31 verbose headers { server: 'nginx/1.10.1',
31 verbose headers   'content-type': 'application/json',
31 verbose headers   'last-modified': 'Wed, 23 Dec 2015 09:30:37 GMT',
31 verbose headers   etag: 'W/"567a69bd-192"',
31 verbose headers   'content-encoding': 'gzip',
31 verbose headers   'cache-control': 'max-age=300',
31 verbose headers   'content-length': '244',
31 verbose headers   'accept-ranges': 'bytes',
31 verbose headers   date: 'Thu, 30 Mar 2017 07:37:34 GMT',
31 verbose headers   via: '1.1 varnish',
31 verbose headers   age: '0',
31 verbose headers   connection: 'keep-alive',
31 verbose headers   'x-served-by': 'cache-nrt6129-NRT',
31 verbose headers   'x-cache': 'MISS',
31 verbose headers   'x-cache-hits': '0',
31 verbose headers   'x-timer': 'S1490859454.348753,VS0,VE129',
31 verbose headers   vary: 'Accept-Encoding' }
32 silly get cb [ 200,
32 silly get   { server: 'nginx/1.10.1',
32 silly get     'content-type': 'application/json',
32 silly get     'last-modified': 'Wed, 23 Dec 2015 09:30:37 GMT',
32 silly get     etag: 'W/"567a69bd-192"',
32 silly get     'content-encoding': 'gzip',
32 silly get     'cache-control': 'max-age=300',
32 silly get     'content-length': '244',
32 silly get     'accept-ranges': 'bytes',
32 silly get     date: 'Thu, 30 Mar 2017 07:37:34 GMT',
32 silly get     via: '1.1 varnish',
32 silly get     age: '0',
32 silly get     connection: 'keep-alive',
32 silly get     'x-served-by': 'cache-nrt6129-NRT',
32 silly get     'x-cache': 'MISS',
32 silly get     'x-cache-hits': '0',
32 silly get     'x-timer': 'S1490859454.348753,VS0,VE129',
32 silly get     vary: 'Accept-Encoding' } ]
33 verbose get saving loadsh to /Users/Boyce/.npm/registry.npmjs.org/loadsh/.cache.json
34 verbose correctMkdir /Users/Boyce/.npm correctMkdir not in flight; initializing
35 verbose stack TypeError: Cannot convert undefined or null to object
35 verbose stack     at pickVersionFromRegistryDocument (/Users/Boyce/.nvm/versions/node/v6.5.0/lib/node_modules/npm/lib/fetch-package-metadata.js:126:29)
35 verbose stack     at /Users/Boyce/.nvm/versions/node/v6.5.0/lib/node_modules/npm/node_modules/iferr/index.js:13:50
35 verbose stack     at /Users/Boyce/.nvm/versions/node/v6.5.0/lib/node_modules/npm/lib/utils/pulse-till-done.js:20:8
35 verbose stack     at saved (/Users/Boyce/.nvm/versions/node/v6.5.0/lib/node_modules/npm/lib/cache/caching-client.js:174:7)
35 verbose stack     at /Users/Boyce/.nvm/versions/node/v6.5.0/lib/node_modules/npm/node_modules/graceful-fs/polyfills.js:261:18
35 verbose stack     at FSReqWrap.oncomplete (fs.js:123:15)
36 verbose cwd /Users/Boyce/IdeaProjects/cce-ato-etl
37 error Darwin 15.3.0
38 error argv "/Users/Boyce/.nvm/versions/node/v6.5.0/bin/node" "/Users/Boyce/.nvm/versions/node/v6.5.0/bin/npm" "install"
39 error node v6.5.0
40 error npm  v4.1.1
41 error Cannot convert undefined or null to object
42 error If you need help, you may report this error at:
42 error     <https://github.com/npm/npm/issues>
43 verbose exit [ 1, true ]
